<?xml version="1.0" encoding="UTF-8"?>
<testsuite xmlns:xsi="http://www.w3.org/2001/XMLSchema-instance" xsi:noNamespaceSchemaLocation="https://maven.apache.org/surefire/maven-surefire-plugin/xsd/surefire-test-report.xsd" name="org.apache.camel.example.spring.boot.rest.jpa.ApplicationTest" time="16.3" tests="2" errors="0" skipped="0" failures="0">
  <properties>
[...]
</properties>
  <testcase name="newOrderTest" classname="org.apache.camel.example.spring.boot.rest.jpa.ApplicationTest" time="4.418"/>
  <testcase name="booksTest" classname="org.apache.camel.example.spring.boot.rest.jpa.ApplicationTest" time="0.116"/>
</testsuite>